2020-03-08 16:43:18,004 Email.py[line:79] INFO 发送成功 9012
2020-03-08 17:38:11,636 run.py[line:31] INFO 测试报告已经生成 8316
2020-03-08 17:39:37,823 run.py[line:31] INFO 测试报告已经生成 5348
2020-03-08 17:41:00,696 Email.py[line:79] INFO 发送成功 6664
2020-03-08 17:41:44,240 run.py[line:31] INFO 测试报告已经生成 2228
2020-03-08 18:00:58,214 run.py[line:33] INFO 测试报告已经生成 5436
2020-03-08 18:02:36,025 run.py[line:34] INFO 测试报告已经生成 4980
2020-03-08 18:04:10,003 run.py[line:35] INFO 测试报告已经生成 6732
2020-03-08 19:40:24,727 Email.py[line:79] INFO 发送成功 15836
2020-03-08 19:42:33,912 run.py[line:35] INFO 测试报告已经生成 5104
2020-03-08 19:42:35,567 Email.py[line:79] INFO 发送成功 5104
2020-03-08 19:48:41,117 run.py[line:35] INFO 测试报告已经生成 1828
2020-03-08 19:48:46,629 Email.py[line:79] INFO 发送成功 1828
2020-03-08 19:51:09,575 run.py[line:35] INFO 测试报告已经生成 16956
2020-03-08 19:51:42,710 Email.py[line:82] INFO 发送失败：Server not connected 16956
2020-03-08 19:54:30,141 run.py[line:35] INFO 测试报告已经生成 15328
2020-03-08 19:54:50,760 Email.py[line:82] INFO 发送失败：Server not connected 15328
2020-03-08 20:07:10,751 run.py[line:35] INFO 测试报告已经生成 4372
2020-03-08 20:07:14,990 Email.py[line:79] INFO 发送成功 4372
2020-03-08 20:11:34,469 run.py[line:35] INFO 测试报告已经生成 10100
2020-03-08 20:11:38,656 Email.py[line:79] INFO 发送成功 10100
2020- 8-08 20:32:24 run.py[line:35] INFO 测试报告已经生成
2020- 8-08 20:32:29 Email.py[line:79] INFO 发送成功
2020- 8-08 20:37:08 run.py[line:35] INFO 测试报告已经生成
2020- 8-08 20:37:14 Email.py[line:79] INFO 发送成功
2020- 8-08 20:38:50 run.py[line:36] INFO 测试报告已经生成
2020- 8-08 20:38:56 Email.py[line:79] INFO 发送成功
2020- 9-09 21:15:16 run.py[line:36] INFO 测试报告已经生成
2020- 9-09 21:15:23 Email.py[line:79] INFO 发送成功
2020- 9-09 21:16:53 run.py[line:36] INFO 测试报告已经生成
2020- 9-09 21:16:56 Email.py[line:79] INFO 发送成功
